Sun Feb 11 06:01:40 UTC 2024 - Executing "{openroad -exit -no_init -python /openlane/scripts/odbpy/lefutil.py get_metal_layers -o /openlane/designs/mkCla/runs/RUN_2024.02.11_06.01.39/tmp/layers.list /home/mtech/.volare/sky130A/libs.ref/sky130_fd_sc_hd/techlef/sky130_fd_sc_hd__nom.tlef}"

Sun Feb 11 06:01:40 UTC 2024 - Executing "{/openlane/scripts/mergeLef.py -o /openlane/designs/mkCla/runs/RUN_2024.02.11_06.01.39/tmp/merged.nom.lef -i /home/mtech/.volare/sky130A/libs.ref/sky130_fd_sc_hd/techlef/sky130_fd_sc_hd__nom.tlef {/home/mtech/.volare/sky130A/libs.ref/sky130_fd_sc_hd/lef/sky130_ef_sc_hd.lef /home/mtech/.volare/sky130A/libs.ref/sky130_fd_sc_hd/lef/sky130_fd_sc_hd.lef} |& tee /dev/null}"

Sun Feb 11 06:01:40 UTC 2024 - Executing "{/openlane/scripts/mergeLef.py -o /openlane/designs/mkCla/runs/RUN_2024.02.11_06.01.39/tmp/merged.min.lef -i /home/mtech/.volare/sky130A/libs.ref/sky130_fd_sc_hd/techlef/sky130_fd_sc_hd__min.tlef {/home/mtech/.volare/sky130A/libs.ref/sky130_fd_sc_hd/lef/sky130_ef_sc_hd.lef /home/mtech/.volare/sky130A/libs.ref/sky130_fd_sc_hd/lef/sky130_fd_sc_hd.lef} |& tee /dev/null}"

Sun Feb 11 06:01:40 UTC 2024 - Executing "{/openlane/scripts/mergeLef.py -o /openlane/designs/mkCla/runs/RUN_2024.02.11_06.01.39/tmp/merged.max.lef -i /home/mtech/.volare/sky130A/libs.ref/sky130_fd_sc_hd/techlef/sky130_fd_sc_hd__max.tlef {/home/mtech/.volare/sky130A/libs.ref/sky130_fd_sc_hd/lef/sky130_ef_sc_hd.lef /home/mtech/.volare/sky130A/libs.ref/sky130_fd_sc_hd/lef/sky130_fd_sc_hd.lef} |& tee /dev/null}"

Sun Feb 11 06:01:40 UTC 2024 - Executing "{python3 /openlane/scripts/mergeLib.py --output /openlane/designs/mkCla/runs/RUN_2024.02.11_06.01.39/tmp/synthesis/merged.lib --name sky130A_merged /home/mtech/.volare/sky130A/libs.ref/sky130_fd_sc_hd/lib/sky130_fd_sc_hd__tt_025C_1v80.lib}"

Sun Feb 11 06:01:40 UTC 2024 - Executing "{python3 /openlane/scripts/libtrim.py --cell-file /openlane/designs/mkCla/runs/RUN_2024.02.11_06.01.39/tmp/synthesis/trimmed.lib.exclude.list --output /openlane/designs/mkCla/runs/RUN_2024.02.11_06.01.39/tmp/synthesis/trimmed.lib /openlane/designs/mkCla/runs/RUN_2024.02.11_06.01.39/tmp/synthesis/merged.lib}"

Sun Feb 11 06:01:41 UTC 2024 - Executing "{python3 /openlane/scripts/libtrim.py --cell-file /openlane/designs/mkCla/runs/RUN_2024.02.11_06.01.39/tmp/cts/cts.lib.exclude.list --output /openlane/designs/mkCla/runs/RUN_2024.02.11_06.01.39/tmp/cts/cts.lib /home/mtech/.volare/sky130A/libs.ref/sky130_fd_sc_hd/lib/sky130_fd_sc_hd__tt_025C_1v80.lib}"

Sun Feb 11 06:01:41 UTC 2024 - Executing "{python3 /openlane/scripts/libtrim.py --cell-file /openlane/designs/mkCla/runs/RUN_2024.02.11_06.01.39/tmp/cts/cts-fastest.lib.exclude.list --output /openlane/designs/mkCla/runs/RUN_2024.02.11_06.01.39/tmp/cts/cts-fastest.lib /home/mtech/.volare/sky130A/libs.ref/sky130_fd_sc_hd/lib/sky130_fd_sc_hd__ff_n40C_1v95.lib}"

Sun Feb 11 06:01:42 UTC 2024 - Executing "{python3 /openlane/scripts/libtrim.py --cell-file /openlane/designs/mkCla/runs/RUN_2024.02.11_06.01.39/tmp/cts/cts-slowest.lib.exclude.list --output /openlane/designs/mkCla/runs/RUN_2024.02.11_06.01.39/tmp/cts/cts-slowest.lib /home/mtech/.volare/sky130A/libs.ref/sky130_fd_sc_hd/lib/sky130_fd_sc_hd__ss_100C_1v60.lib}"

Sun Feb 11 06:01:42 UTC 2024 - Executing "{python3 /openlane/scripts/new_tracks.py -i /home/mtech/.volare/sky130A/libs.tech/openlane/sky130_fd_sc_hd/tracks.info -o /openlane/designs/mkCla/runs/RUN_2024.02.11_06.01.39/tmp/routing/config.tracks}"

Sun Feb 11 06:01:42 UTC 2024 - Executing "{echo {OpenLane f691c8c0712ca6c6645e3fd548985b3cbcf08c78} > /openlane/designs/mkCla/runs/RUN_2024.02.11_06.01.39/OPENLANE_VERSION}"

Sun Feb 11 06:01:42 UTC 2024 - Executing "{yosys -c /openlane/scripts/yosys/blackbox.tcl}"

Sun Feb 11 06:01:42 UTC 2024 - Executing "{verilator -Wall --lint-only --Wno-DECLFILENAME --top-module mkCla /openlane/designs/mkCla/runs/RUN_2024.02.11_06.01.39/tmp/synthesis/blackbox/sky130_fd_sc_hd__blackbox.v /openlane/designs/mkCla/src/mkCla.v -Wno-fatal --relative-includes |& tee /openlane/designs/mkCla/runs/RUN_2024.02.11_06.01.39/logs/synthesis/linter.log /dev/null}"

Sun Feb 11 06:01:42 UTC 2024 - Executing "{sed -E {s/^([[:space:]]+)pg_pin(.*)/\1pin\2\n\1    direction : "inout";/g} /home/mtech/.volare/sky130A/libs.ref/sky130_fd_sc_hd/lib/sky130_fd_sc_hd__tt_025C_1v80.lib > /openlane/designs/mkCla/runs/RUN_2024.02.11_06.01.39/tmp/synthesis/1-sky130_fd_sc_hd__tt_025C_1v80.no_pg.lib}"

Sun Feb 11 06:01:43 UTC 2024 - Executing "{sed -E {s/^([[:space:]]+)pg_pin(.*)/\1pin\2\n\1    direction : "inout";/g} /openlane/designs/mkCla/runs/RUN_2024.02.11_06.01.39/tmp/synthesis/trimmed.lib > /openlane/designs/mkCla/runs/RUN_2024.02.11_06.01.39/tmp/synthesis/1-trimmed.no_pg.lib}"

Sun Feb 11 06:01:43 UTC 2024 - Executing "yosys -c /openlane/scripts/yosys/synth.tcl |& tee /dev/null /openlane/designs/mkCla/runs/RUN_2024.02.11_06.01.39/logs/synthesis/1-synthesis.log"

Sun Feb 11 06:01:43 UTC 2024 - Executing "{yosys -c /openlane/scripts/yosys/synth.tcl |& tee /dev/null /openlane/designs/mkCla/runs/RUN_2024.02.11_06.01.39/logs/synthesis/1-synthesis.log}"

Sun Feb 11 06:01:44 UTC 2024 - Executing "{sed -i.bak -e {s/\(set ::env(CURRENT_NETLIST)\).*/\1 \/openlane\/designs\/mkCla\/runs\/RUN_2024.02.11_06.01.39\/results\/synthesis\/mkCla.v/} /openlane/designs/mkCla/runs/RUN_2024.02.11_06.01.39/config.tcl}"

Sun Feb 11 06:01:44 UTC 2024 - Executing "{sed -i.bak /defparam/d /openlane/designs/mkCla/runs/RUN_2024.02.11_06.01.39/results/synthesis/mkCla.v}"

Sun Feb 11 06:01:44 UTC 2024 - Executing "sta -exit -no_init /openlane/scripts/openroad/sta/multi_corner.tcl |& tee /dev/null /openlane/designs/mkCla/runs/RUN_2024.02.11_06.01.39/logs/synthesis/2-sta.log"

Sun Feb 11 06:01:44 UTC 2024 - Executing "{sta -exit -no_init /openlane/scripts/openroad/sta/multi_corner.tcl |& tee /dev/null /openlane/designs/mkCla/runs/RUN_2024.02.11_06.01.39/logs/synthesis/2-sta.log}"

Sun Feb 11 06:01:45 UTC 2024 - Executing "openroad -exit /openlane/scripts/openroad/floorplan.tcl |& tee /dev/null /openlane/designs/mkCla/runs/RUN_2024.02.11_06.01.39/logs/floorplan/3-initial_fp.log"

Sun Feb 11 06:01:45 UTC 2024 - Executing "{openroad -exit /openlane/scripts/openroad/floorplan.tcl |& tee /dev/null /openlane/designs/mkCla/runs/RUN_2024.02.11_06.01.39/logs/floorplan/3-initial_fp.log}"

Sun Feb 11 06:01:45 UTC 2024 - Executing "{openroad -exit -no_init -python /openlane/scripts/odbpy/snap_to_grid.py --output /openlane/designs/mkCla/runs/RUN_2024.02.11_06.01.39/tmp/floorplan/3-minimized_pdn.txt --input-lef /openlane/designs/mkCla/runs/RUN_2024.02.11_06.01.39/tmp/merged.nom.lef 10.9825 10.88 21.965 21.76}"

Sun Feb 11 06:01:46 UTC 2024 - Executing "{openroad -exit -no_init -python /openlane/scripts/odbpy/defutil.py extract_core_dims --output-data /openlane/designs/mkCla/runs/RUN_2024.02.11_06.01.39/tmp/dimensions.txt --input-lef /openlane/designs/mkCla/runs/RUN_2024.02.11_06.01.39/tmp/merged.nom.lef /openlane/designs/mkCla/runs/RUN_2024.02.11_06.01.39/tmp/floorplan/3-initial_fp.def}"

Sun Feb 11 06:01:46 UTC 2024 - Executing "{openroad -exit -no_init -python /openlane/scripts/odbpy/io_place.py --config /openlane/designs/mkCla/pin_order.cfg --hor-layer met3 --ver-layer met2 --ver-width-mult 2 --hor-width-mult 2 --hor-extension 0 --ver-extension 0 --length 4 --unmatched-error --input-lef /openlane/designs/mkCla/runs/RUN_2024.02.11_06.01.39/tmp/merged.nom.lef --output-def /openlane/designs/mkCla/runs/RUN_2024.02.11_06.01.39/tmp/floorplan/4-io.def --output /openlane/designs/mkCla/runs/RUN_2024.02.11_06.01.39/tmp/floorplan/4-io.odb /openlane/designs/mkCla/runs/RUN_2024.02.11_06.01.39/tmp/floorplan/3-initial_fp.odb |& tee /dev/null /openlane/designs/mkCla/runs/RUN_2024.02.11_06.01.39/logs/floorplan/4-place_io.log}"

Sun Feb 11 06:01:47 UTC 2024 - Executing "{python3 /openlane/scripts/write_runtime.py --conclude --seconds --time-in 1707631307 {flow failed}}"

Sun Feb 11 06:01:47 UTC 2024 - Executing "{python3 /openlane/scripts/generate_reports.py -d /openlane/designs/mkCla --design_name mkCla --tag RUN_2024.02.11_06.01.39 --output_file /openlane/designs/mkCla/runs/RUN_2024.02.11_06.01.39/reports/metrics.csv --man_report /openlane/designs/mkCla/runs/RUN_2024.02.11_06.01.39/reports/manufacturability.rpt --run_path /openlane/designs/mkCla/runs/RUN_2024.02.11_06.01.39}"

